
ACESII binary: /home/perera/Develop/ACESII/bin/xaces2

zmat.001a:	PASSED
zmat.001b:	FAILED in test module
zmat.001c:	FAILED in test module
zmat.001d:	PASSED
zmat.001e:	FAILED in test module
zmat.001f:	FAILED in test module
zmat.001g:	FAILED in test module
zmat.002a:	FAILED in test module
zmat.002b:	FAILED in test module
zmat.004a:	FAILED in test module
zmat.004b:	FAILED in test module
zmat.004c:	FAILED in test module
zmat.010a:	PASSED
zmat.010b:	PASSED
zmat.010c:	PASSED
zmat.011:	FAILED in test module
zmat.012a:	FAILED in test module
zmat.012b:	FAILED in test module
zmat.012c:	FAILED in test module
zmat.013a:	FAILED in xaces2
zmat.013b:	FAILED in test module
zmat.013c:	FAILED in test module
zmat.014a:	FAILED in xaces2
zmat.014a.apt:	FAILED in xaces2
zmat.014b:	FAILED in test module
zmat.014b.apt:	FAILED in test module
zmat.014c:	FAILED in test module
zmat.014c.apt:	FAILED in test module
zmat.015a:	FAILED in xaces2
zmat.015b:	FAILED in test module
zmat.015c:	FAILED in test module
zmat.015d:	FAILED in xaces2
zmat.015e:	FAILED in test module
zmat.015f:	FAILED in test module
zmat.020:	FAILED in test module
zmat.021:	FAILED in test module
zmat.022:	FAILED in xaces2
zmat.022a:	FAILED in xaces2
zmat.022b:	FAILED in xaces2
zmat.022c:	FAILED in xaces2
zmat.023:	FAILED in test module
zmat.023a:	FAILED in test module
zmat.024:	FAILED in xaces2
zmat.025:	FAILED in xaces2
zmat.026:	FAILED in test module
zmat.026a:	FAILED in test module
zmat.028:	FAILED in test module
zmat.029:	FAILED in xaces2
zmat.031:	FAILED in test module
zmat.032:	PASSED
zmat.033:	PASSED
zmat.035:	FAILED in xaces2
zmat.036:	FAILED in xaces2
zmat.037:	FAILED in xaces2
zmat.042:	PASSED
zmat.043.mrcc:	FAILED in test module
zmat.044:	FAILED in test module
zmat.045.tdhf:	FAILED in test module
zmat.046:	PASSED
zmat.046a:	FAILED in xaces2
zmat.046b:	FAILED in xaces2
zmat.047a:	FAILED in xaces2
zmat.047b:	FAILED in xaces2
zmat.047d:	FAILED in xaces2
zmat.048a:	FAILED in test module
zmat.048b:	FAILED in xaces2
zmat.049a:	FAILED in test module
zmat.049b:	FAILED in test module
zmat.053:	FAILED in test module
zmat.054a:	FAILED in test module
zmat.054b:	FAILED in test module
zmat.056.mrcc:	PASSED
zmat.057:	FAILED in xaces2
zmat.058.mrcc:	FAILED in test module
zmat.059.mrcc:	PASSED
zmat.061.mrcc:	FAILED in test module
zmat.062.mrcc:	PASSED
zmat.063:	PASSED
zmat.064:	FAILED in test module
zmat.065:	FAILED in xaces2
zmat.067.mrcc:	FAILED in xaces2
zmat.068.mrcc:	FAILED in xaces2
zmat.069.mrcc:	FAILED in xaces2
zmat.070.mrcc:	FAILED in test module
zmat.071.mrcc:	FAILED in test module
zmat.072.mrcc:	FAILED in test module
zmat.073.mrcc:	FAILED in test module
zmat.074:	FAILED in test module
zmat.078:	FAILED in test module
zmat.080.mrcc:	FAILED in test module
zmat.081.mrcc:	FAILED in test module
zmat.082.mrcc:	FAILED in test module
zmat.083:	FAILED in test module
zmat.084.mrcc:	FAILED in xaces2
zmat.085.mrcc:	FAILED in test module
zmat.087.mrcc:	FAILED in xaces2
zmat.088.mrcc:	FAILED in xaces2
zmat.089.mrcc:	FAILED in test module
zmat.090.mrcc:	FAILED in test module
zmat.094.mrcc:	FAILED in xaces2
zmat.095.mrcc:	FAILED in test module
zmat.096.mrcc:	FAILED in test module
zmat.098.mrcc:	FAILED in test module
zmat.099.mrcc:	FAILED in test module
zmat.100.mrcc:	FAILED in test module
zmat.103.ks:	PASSED
zmat.104.ks:	PASSED
zmat.105.ks:	FAILED in test module
zmat.106.ks:	FAILED in xaces2
zmat.109:	FAILED in xaces2
zmat.110:	FAILED in xaces2
zmat.116a:	FAILED in xaces2
zmat.116b:	PASSED
zmat.116c:	PASSED
zmat.117a:	PASSED
zmat.117b:	PASSED
zmat.117c:	PASSED
zmat.118a:	FAILED in xaces2
zmat.118b:	FAILED in test module
zmat.118c:	FAILED in test module
zmat.120a:	FAILED in test module
zmat.120b:	FAILED in test module
zmat.120c:	FAILED in test module
zmat.120d:	FAILED in test module
zmat.121a:	FAILED in test module
zmat.121b:	FAILED in test module
zmat.121c:	FAILED in test module
zmat.124a.fno:	FAILED in xaces2
zmat.124b.fno:	FAILED in xaces2
zmat.124c.fno:	FAILED in xaces2
zmat.124d.fno:	FAILED in xaces2
zmat.124e.fno:	FAILED in xaces2
zmat.124f.fno:	FAILED in test module
zmat.124g.fno:	FAILED in test module
zmat.124h.fno:	FAILED in xaces2
zmat.124i.fno:	FAILED in xaces2
zmat.125a:	PASSED
zmat.125b:	PASSED
zmat.126a:	FAILED in test module
zmat.126b:	FAILED in test module
zmat.126c:	FAILED in test module
zmat.126d:	FAILED in test module
zmat.126e:	FAILED in xaces2
zmat.126f:	FAILED in xaces2
zmat.126g:	FAILED in test module
zmat.126h:	FAILED in test module
script.001h:	FAILED in script
script.027:	FAILED in script
script.034:	FAILED in test module
script.038:	FAILED in test module
script.039:	FAILED in test module
script.040:	FAILED in script
script.075a:	FAILED in script
script.075b:	PASSED
script.075c:	PASSED
script.108:	FAILED in test module
script.119a:	FAILED in test module
script.119b:	FAILED in script
script.119c:	FAILED in script
script.119d:	FAILED in test module
script.119e:	FAILED in test module
script.122a.bw:	FAILED in script
script.123a:	FAILED in script

Finished running all tests.
